d:\visual studio projects\dqn\dqn\x64\debug\vc143.pdb
d:\visual studio projects\dqn\dqn\x64\debug\vc143.idb
d:\visual studio projects\dqn\dqn\x64\debug\source.obj
d:\visual studio projects\dqn\dqn\x64\debug\relu.obj
d:\visual studio projects\dqn\dqn\x64\debug\qnetwork.obj
d:\visual studio projects\dqn\dqn\x64\debug\node.obj
d:\visual studio projects\dqn\dqn\x64\debug\neuralnetwork.obj
d:\visual studio projects\dqn\dqn\x64\debug\linear.obj
d:\visual studio projects\dqn\dqn\x64\debug\leakyrelu.obj
d:\visual studio projects\dqn\dqn\x64\debug\agentdqn.obj
d:\visual studio projects\dqn\dqn\x64\debug\adam.obj
d:\visual studio projects\dqn\x64\debug\dqn.exe
d:\visual studio projects\dqn\dqn\x64\debug\dqn.ilk
d:\visual studio projects\dqn\x64\debug\dqn.pdb
d:\visual studio projects\dqn\dqn\x64\debug\source.obj.enc
d:\visual studio projects\dqn\dqn\x64\debug\dqn.tlog\cl.command.1.tlog
d:\visual studio projects\dqn\dqn\x64\debug\dqn.tlog\cl.read.1.tlog
d:\visual studio projects\dqn\dqn\x64\debug\dqn.tlog\cl.write.1.tlog
d:\visual studio projects\dqn\dqn\x64\debug\dqn.tlog\link.command.1.tlog
d:\visual studio projects\dqn\dqn\x64\debug\dqn.tlog\link.read.1.tlog
d:\visual studio projects\dqn\dqn\x64\debug\dqn.tlog\link.write.1.tlog
